<?xml version="1.0" encoding="UTF-8"?>
<testng-results skipped="0" failed="0" total="1" passed="1">
  <reporter-output>
  </reporter-output>
  <suite name="Suite" duration-ms="9555" started-at="2019-03-20T01:00:15Z" finished-at="2019-03-20T01:00:25Z">
    <groups>
    </groups>
    <test name="Test" duration-ms="9555" started-at="2019-03-20T01:00:15Z" finished-at="2019-03-20T01:00:25Z">
      <class name="hello.Baiduhello">
        <test-method status="PASS" signature="OpenFireFox()[pri:0, instance:hello.Baiduhello@449b2d27]" name="OpenFireFox" duration-ms="9542" started-at="2019-03-20T09:00:15Z" finished-at="2019-03-20T09:00:25Z">
          <reporter-output>
          </reporter-output>
        </test-method> <!-- OpenFireFox -->
      </class> <!-- hello.Baiduhello -->
    </test> <!-- Test -->
  </suite> <!-- Suite -->
</testng-results>
